<?xml version="1.0" encoding="UTF-8"?>
<testng-results skipped="0" failed="0" ignored="0" total="1" passed="1">
  <reporter-output>
  </reporter-output>
  <suite name="Surefire suite" duration-ms="125" started-at="2020-08-27T01:44:37 IST" finished-at="2020-08-27T01:44:37 IST">
    <groups>
    </groups>
    <test name="Surefire test" duration-ms="125" started-at="2020-08-27T01:44:37 IST" finished-at="2020-08-27T01:44:37 IST">
      <class name="Selenium.Work.AppTest">
        <test-method status="PASS" signature="shouldAnswerWithTrue()" name="shouldAnswerWithTrue" duration-ms="16" started-at="2020-08-27T01:44:37 IST" finished-at="2020-08-27T01:44:37 IST">
          <reporter-output>
          </reporter-output>
        </test-method> <!-- shouldAnswerWithTrue -->
      </class> <!-- Selenium.Work.AppTest -->
    </test> <!-- Surefire test -->
  </suite> <!-- Surefire suite -->
</testng-results>
